<?xml version="1.0" encoding="UTF-8"?>
<!-- Generated by org.testng.reporters.JUnitReportReporter -->
<testsuite hostname="DESKTOP-29J6SE7" failures="0" tests="1" name="seTestNGPrograms.HandlingWindows" time="33.236" errors="0" timestamp="2024-02-25T21:34:22 IST" skipped="0">
  <testcase classname="seTestNGPrograms.HandlingWindows" name="VerifyWindowHandles" time="33.236"/>
  <system-out/>
</testsuite> <!-- seTestNGPrograms.HandlingWindows -->
