<?xml version="1.0" encoding="UTF-8"?>
<!-- Generated by org.testng.reporters.JUnitReportReporter -->
<testsuite hostname="DESKTOP-29J6SE7" failures="0" tests="1" name="seTestNGPrograms.PropertiesFileRead" time="0.030" errors="0" timestamp="2024-03-27T12:22:12 IST" skipped="0">
  <testcase classname="seTestNGPrograms.PropertiesFileRead" name="f" time="0.030"/>
  <system-out/>
</testsuite> <!-- seTestNGPrograms.PropertiesFileRead -->
