<?xml version="1.0" encoding="UTF-8"?>
<!-- Generated by org.testng.reporters.JUnitReportReporter -->
<testsuite hostname="DESKTOP-29J6SE7" failures="0" tests="1" name="seTestNGPrograms.HandleAlerts" time="15.884" errors="0" timestamp="2024-02-23T22:45:26 IST" skipped="0">
  <testcase classname="seTestNGPrograms.HandleAlerts" name="VerifyAlerts" time="15.884"/>
  <system-out/>
</testsuite> <!-- seTestNGPrograms.HandleAlerts -->
