<?xml version="1.0" encoding="UTF-8"?>
<!-- Generated by org.testng.reporters.JUnitReportReporter -->
<testsuite hostname="DESKTOP-29J6SE7" failures="0" tests="4" name="seTestNGPrograms.MouseOperators" time="18.853" errors="0" timestamp="2024-02-20T22:50:38 IST" skipped="0">
  <testcase classname="seTestNGPrograms.MouseOperators" name="verifySortable" time="2.766"/>
  <system-out/>
  <testcase classname="seTestNGPrograms.MouseOperators" name="verifyResizable" time="11.546"/>
  <system-out/>
  <testcase classname="seTestNGPrograms.MouseOperators" name="verifySelectable" time="2.355"/>
  <system-out/>
  <testcase classname="seTestNGPrograms.MouseOperators" name="verifyDatePicker" time="2.186"/>
  <system-out/>
</testsuite> <!-- seTestNGPrograms.MouseOperators -->
