<?xml version="1.0" encoding="UTF-8"?>
<!-- Generated by org.testng.reporters.JUnitReportReporter -->
<testsuite hostname="DESKTOP-29J6SE7" failures="0" tests="1" name="seTestNGPrograms.ShaadiRegisterTest" time="0.017" errors="0" timestamp="2024-03-31T11:53:41 IST" skipped="0">
  <testcase classname="seTestNGPrograms.ShaadiRegisterTest" name="registerTest" time="0.017"/>
  <system-out/>
</testsuite> <!-- seTestNGPrograms.ShaadiRegisterTest -->
