<?xml version="1.0" encoding="UTF-8"?>
<!-- Generated by org.testng.reporters.JUnitReportReporter -->
<testsuite hostname="DESKTOP-29J6SE7" failures="0" tests="3" name="seTestNGPrograms.ExampleDataProvider" time="27.751" errors="0" timestamp="2024-03-26T11:21:35 IST" skipped="0">
  <testcase classname="seTestNGPrograms.ExampleDataProvider" name="verifyData" time="7.707"/>
  <system-out/>
  <testcase classname="seTestNGPrograms.ExampleDataProvider" name="verifyData" time="12.852"/>
  <system-out/>
  <testcase classname="seTestNGPrograms.ExampleDataProvider" name="verifyData" time="7.192"/>
  <system-out/>
</testsuite> <!-- seTestNGPrograms.ExampleDataProvider -->
