<?xml version="1.0" encoding="UTF-8"?>
<!-- Generated by org.testng.reporters.JUnitReportReporter -->
<testsuite hostname="DESKTOP-29J6SE7" failures="0" tests="3" name="seTestNGPrograms.FirstTest" time="0.029" errors="0" timestamp="2024-02-13T19:50:14 IST" skipped="1">
  <testcase classname="seTestNGPrograms.FirstTest" name="test2" time="0.025"/>
  <system-out/>
  <testcase classname="seTestNGPrograms.FirstTest" name="test1" time="0.004"/>
  <system-out/>
  <testcase classname="seTestNGPrograms.FirstTest" name="test3">
    <skipped/>
  </testcase> <!-- test3 -->
  <system-out/>
</testsuite> <!-- seTestNGPrograms.FirstTest -->
